<?xml version="1.0" encoding="UTF-8"?>
<!-- Generated by org.testng.reporters.JUnitReportReporter -->
<testsuite hostname="PF00WYQS" name="ajio.login.TestSignupPage" tests="1" failures="0" timestamp="5 Jul 2019 07:52:39 GMT" time="63.128" errors="0">
  <testcase name="f" time="63.128" classname="ajio.login.TestSignupPage"/>
</testsuite> <!-- ajio.login.TestSignupPage -->
